c:\users\temp\documents\github\gameengine-nobugengine\temp\vc141.pdb
c:\users\temp\documents\github\gameengine-nobugengine\temp\vc141.idb
c:\users\temp\documents\github\gameengine-nobugengine\temp\basecomponent.obj
c:\users\temp\documents\github\gameengine-nobugengine\temp\basemessage.obj
c:\users\temp\documents\github\gameengine-nobugengine\temp\engine.obj
c:\users\temp\documents\github\gameengine-nobugengine\temp\gameobject.obj
c:\users\temp\documents\github\gameengine-nobugengine\temp\gameobjectmanager.obj
c:\users\temp\documents\github\gameengine-nobugengine\temp\initialize.obj
c:\users\temp\documents\github\gameengine-nobugengine\temp\main.obj
c:\users\temp\documents\github\gameengine-nobugengine\temp\splashscreen.obj
c:\users\temp\documents\github\gameengine-nobugengine\temp\transform.obj
c:\users\temp\documents\github\gameengine-nobugengine\debug\win32_nobugengine\win32_nobugengine.exe
c:\users\temp\documents\github\gameengine-nobugengine\debug\win32_nobugengine\win32_nobugengine.ilk
c:\users\temp\documents\github\gameengine-nobugengine\debug\win32_nobugengine\win32_nobugengine.pdb
e:\github\gameengine-nobugengine\temp\basecomponent.obj
e:\github\gameengine-nobugengine\temp\basemessage.obj
e:\github\gameengine-nobugengine\temp\engine.obj
e:\github\gameengine-nobugengine\temp\gameobject.obj
e:\github\gameengine-nobugengine\temp\gameobjectmanager.obj
e:\github\gameengine-nobugengine\temp\initialize.obj
e:\github\gameengine-nobugengine\temp\main.obj
e:\github\gameengine-nobugengine\temp\splashscreen.obj
e:\github\gameengine-nobugengine\temp\transform.obj
e:\github\gameengine-nobugengine\temp\vc141.idb
e:\github\gameengine-nobugengine\temp\vc141.pdb
e:\github\gameengine-nobugengine\source\nobugengine\..\..\debug\win32_nobugengine\win32_nobugengine.exe
e:\github\gameengine-nobugengine\temp\nobugengine.tlog\cl.command.1.tlog
e:\github\gameengine-nobugengine\temp\nobugengine.tlog\cl.read.1.tlog
e:\github\gameengine-nobugengine\temp\nobugengine.tlog\cl.write.1.tlog
e:\github\gameengine-nobugengine\temp\nobugengine.tlog\link.command.1.tlog
e:\github\gameengine-nobugengine\temp\nobugengine.tlog\link.read.1.tlog
e:\github\gameengine-nobugengine\temp\nobugengine.tlog\link.write.1.tlog
e:\github\gameengine-nobugengine\temp\nobugengine.tlog\..\..\debug\win32_nobugengine\win32_nobugengine.pdb
e:\github\gameengine-nobugengine\temp\nobugengine.tlog\..\..\debug\win32_nobugengine\win32_nobugengine.ilk
